[0;34m[18:31:57] ℹ === 启动 CRM 系统 ===[0m
[1;33m[18:31:57] ⚠ 请修改 .env 中的默认值: JWT_SECRET[0m
[0;34m[18:32:59] ℹ === 启动 CRM 系统 ===[0m
[0;34m[18:33:09] ℹ === 服务状态 ===[0m
[0;34m[18:33:09] ℹ === 资源使用 ===[0m
[0;34m[09:50:07] ℹ === 启动 CRM 系统 ===[0m
[0;34m[09:50:29] ℹ === 服务状态 ===[0m
[0;34m[09:50:29] ℹ === 资源使用 ===[0m
[0;34m[10:04:52] ℹ === 启动 CRM 系统 ===[0m
[0;34m[10:05:11] ℹ === 服务状态 ===[0m
[0;34m[10:05:11] ℹ === 资源使用 ===[0m
[0;34m[10:07:08] ℹ === 停止 CRM 系统 ===[0m
[0;32m[10:07:08] ✓ 已停止所有服务[0m
[0;34m[10:07:54] ℹ === 启动 CRM 系统 ===[0m
[0;34m[10:07:58] ℹ === 服务状态 ===[0m
[0;34m[10:07:58] ℹ === 资源使用 ===[0m
[0;34m[10:08:01] ℹ === 服务状态 ===[0m
[0;34m[10:08:01] ℹ === 资源使用 ===[0m
[0;34m[10:08:03] ℹ === 服务状态 ===[0m
[0;34m[10:08:03] ℹ === 资源使用 ===[0m
[0;34m[10:08:06] ℹ === 服务状态 ===[0m
[0;34m[10:08:06] ℹ === 资源使用 ===[0m
[0;34m[10:08:07] ℹ === 服务状态 ===[0m
[0;34m[10:08:07] ℹ === 资源使用 ===[0m
[0;34m[10:08:09] ℹ === 服务状态 ===[0m
[0;34m[10:08:09] ℹ === 资源使用 ===[0m
[0;34m[10:08:13] ℹ === 服务状态 ===[0m
[0;34m[10:08:13] ℹ === 资源使用 ===[0m
[0;34m[10:08:27] ℹ === 服务状态 ===[0m
[0;34m[10:08:27] ℹ === 资源使用 ===[0m
[0;34m[10:08:30] ℹ === 停止 CRM 系统 ===[0m
[0;32m[10:08:30] ✓ 已停止所有服务[0m
